<?xml version="1.0" encoding="UTF-8"?>
<testsuite xmlns:xsi="http://www.w3.org/2001/XMLSchema-instance" xsi:noNamespaceSchemaLocation="https://maven.apache.org/surefire/maven-surefire-plugin/xsd/surefire-test-report-3.0.xsd" version="3.0" name="peps.peps_back.controllers.InteractionDTOTest" time="0.02" tests="4" errors="0" skipped="0" failures="0">
  <properties>
[...]
</properties>
  <testcase name="testGetSetDate" classname="peps.peps_back.controllers.InteractionDTOTest" time="0.005">
    <system-out><![CDATA[get/set Date
]]></system-out>
  </testcase>
  <testcase name="testGetSetType" classname="peps.peps_back.controllers.InteractionDTOTest" time="0.002">
    <system-out><![CDATA[get/set Type
]]></system-out>
  </testcase>
  <testcase name="testGetSetId" classname="peps.peps_back.controllers.InteractionDTOTest" time="0.003">
    <system-out><![CDATA[get/set Id
]]></system-out>
  </testcase>
  <testcase name="testGetSetModule" classname="peps.peps_back.controllers.InteractionDTOTest" time="0.001">
    <system-out><![CDATA[get/set Module
]]></system-out>
  </testcase>
</testsuite>